<?xml version="1.0" encoding="UTF-8"?>
<!-- Generated by org.testng.reporters.JUnitXMLReporter -->
<testsuite hostname="ravis-MacBook-Pro.local" name="Test" tests="1" failures="0" timestamp="23 Aug 2016 10:37:01 GMT" time="5.301" errors="0">
  <testcase name="@BeforeTest Before_Test" time="0.0" classname="twc.WebPerformance.TestCases.TestCases">
    <failure type="java.lang.NoClassDefFoundError" message="org/openqa/selenium/io/CircularOutputStream">
      <![CDATA[java.lang.NoClassDefFoundError: org/openqa/selenium/io/CircularOutputStream
	at org.openqa.selenium.firefox.FirefoxBinary.<init>(FirefoxBinary.java:60)
	at org.openqa.selenium.firefox.FirefoxBinary.<init>(FirefoxBinary.java:56)
	at org.openqa.selenium.firefox.FirefoxDriver.<init>(FirefoxDriver.java:124)
	at twc.WebPerformance.General.Functions.openCharlesBrowser(Functions.java:53)
	at twc.WebPerformance.TestCases.TestCases.Before_Test(TestCases.java:23)
Caused by: java.lang.ClassNotFoundException: org.openqa.selenium.io.CircularOutputStream
	at java.net.URLClassLoader.findClass(URLClassLoader.java:381)
	at java.lang.ClassLoader.loadClass(ClassLoader.java:424)
	at sun.misc.Launcher$AppClassLoader.loadClass(Launcher.java:331)
	at java.lang.ClassLoader.loadClass(ClassLoader.java:357)
	... 27 more
... Removed 22 stack frames]]>
    </failure>
  </testcase> <!-- @BeforeTest Before_Test -->
  <testcase name="WebPerformance_TestCase" time="0.001" classname="twc.WebPerformance.TestCases.TestCases">
    <skipped/>
  </testcase> <!-- WebPerformance_TestCase -->
</testsuite> <!-- Test -->
