-------------------------------------------------------------------------------
Test set: TestSuite
-------------------------------------------------------------------------------
Tests run: 11, Failures: 9, Errors: 0, Skipped: 0, Time elapsed: 267.929 sec <<< FAILURE!
Smoke_Test_Case_C333173_Verify_WeatherFX_API_Request_For_Wfxtg_Value(twc.Automation.SmokeTestCases.smokeTestCases)  Time elapsed: 4.166 sec  <<< FAILURE!
java.lang.NullPointerException
	at twc.Automation.ReadDataFromFile.read_xml_data_into_buffer.read_xml_file_into_buffer_string(read_xml_data_into_buffer.java:55)
	at twc.Automation.General.Functions.get_Wfxtg_values(Functions.java:730)
	at twc.Automation.General.Functions.validate_Wfxtg_Value_With_Pubads_Call(Functions.java:217)
	at twc.Automation.SmokeTestCases.smokeTestCases.Smoke_Test_Case_C333173_Verify_WeatherFX_API_Request_For_Wfxtg_Value(smokeTestCases.java:153)

Smoke_Test_Case_C333173_Verify_WeatherFX_API_Request_For_Wfxtg_Value(twc.Automation.SmokeTestCases.smokeTestCases)  Time elapsed: 4.048 sec  <<< FAILURE!
java.lang.NullPointerException
	at twc.Automation.ReadDataFromFile.read_xml_data_into_buffer.read_xml_file_into_buffer_string(read_xml_data_into_buffer.java:55)
	at twc.Automation.General.Functions.get_Wfxtg_values(Functions.java:730)
	at twc.Automation.General.Functions.validate_Wfxtg_Value_With_Pubads_Call(Functions.java:217)
	at twc.Automation.SmokeTestCases.smokeTestCases.Smoke_Test_Case_C333173_Verify_WeatherFX_API_Request_For_Wfxtg_Value(smokeTestCases.java:150)

Smoke_Test_Case_C333174_Verify_Factual_Call(twc.Automation.SmokeTestCases.smokeTestCases)  Time elapsed: 0.026 sec  <<< FAILURE!
java.lang.NullPointerException
	at twc.Automation.ReadDataFromFile.read_xml_data_into_buffer.read_xml_file_into_buffer_string(read_xml_data_into_buffer.java:55)
	at twc.Automation.General.Functions.read_API_Call_Data(Functions.java:248)
	at twc.Automation.General.Functions.validate_API_Call_With_PubAds_Call(Functions.java:139)
	at twc.Automation.SmokeTestCases.smokeTestCases.Smoke_Test_Case_C333174_Verify_Factual_Call(smokeTestCases.java:169)

Smoke_Test_Case_C333179_Verify_Ad_Call_Is_Made_On_Pull_To_Refresh(twc.Automation.SmokeTestCases.smokeTestCases)  Time elapsed: 18.176 sec  <<< FAILURE!
org.openqa.selenium.remote.UnreachableBrowserException: Error communicating with the remote browser. It may have died.
Build info: version: '2.51.0', revision: '1af067dbcaedd7d2ab9af5151fc471d363d97193', time: '2016-02-05 11:20:57'
System info: host: 'win2003.corp.monocept.com', ip: '192.168.1.154', os.name: 'Mac OS X', os.arch: 'x86_64', os.version: '10.12', java.version: '1.8.0_60'
Driver info: driver.version: AndroidDriver
Capabilities [{app=/Users/monocept/Desktop/ads-android-master/APKFile/app_google_universal_debug_811000122.apk, appPackage=com.weather.Weather, networkConnectionEnabled=true, noReset=false, warnings={}, databaseEnabled=false, deviceName=03157df33d91c039, platform=LINUX, desired={app=/Users/monocept/Desktop/ads-android-master/APKFile/app_google_universal_debug_811000122.apk, appPackage=com.weather.Weather, appium-version=1.4.13, noReset=false, newCommandTimeout=100000.0, autoLaunch=true, platformVersion=6.0.1, platformName=Android, deviceName=Samsung S6}, appium-version=1.4.13, newCommandTimeout=100000.0, autoLaunch=true, platformVersion=7.0, webStorageEnabled=false, locationContextEnabled=false, browserName=Android, takesScreenshot=true, javascriptEnabled=true, platformName=Android}]
Session ID: 771ac9d5-952e-469a-99c1-5c4378347c45
	at org.openqa.selenium.remote.RemoteWebDriver.execute(RemoteWebDriver.java:665)
	at io.appium.java_client.DefaultGenericMobileDriver.execute(DefaultGenericMobileDriver.java:42)
	at io.appium.java_client.AppiumDriver.execute(AppiumDriver.java:1)
	at io.appium.java_client.android.AndroidDriver.execute(AndroidDriver.java:1)
	at org.openqa.selenium.remote.RemoteWebDriver.findElement(RemoteWebDriver.java:363)
	at org.openqa.selenium.remote.RemoteWebDriver.findElementById(RemoteWebDriver.java:413)
	at io.appium.java_client.DefaultGenericMobileDriver.findElementById(DefaultGenericMobileDriver.java:62)
	at io.appium.java_client.AppiumDriver.findElementById(AppiumDriver.java:1)
	at io.appium.java_client.android.AndroidDriver.findElementById(AndroidDriver.java:1)
	at org.openqa.selenium.By$ById.findElement(By.java:218)
	at org.openqa.selenium.remote.RemoteWebDriver.findElement(RemoteWebDriver.java:355)
	at io.appium.java_client.DefaultGenericMobileDriver.findElement(DefaultGenericMobileDriver.java:52)
	at io.appium.java_client.AppiumDriver.findElement(AppiumDriver.java:1)
	at io.appium.java_client.android.AndroidDriver.findElement(AndroidDriver.java:1)
	at org.openqa.selenium.support.ui.ExpectedConditions.findElement(ExpectedConditions.java:911)
	at org.openqa.selenium.support.ui.ExpectedConditions.access$000(ExpectedConditions.java:41)
	at org.openqa.selenium.support.ui.ExpectedConditions$6.apply(ExpectedConditions.java:181)
	at org.openqa.selenium.support.ui.ExpectedConditions$6.apply(ExpectedConditions.java:178)
	at org.openqa.selenium.support.ui.FluentWait.until(FluentWait.java:238)
	at twc.Automation.HandleWithApp.AppFunctions.Pull_To_Refresh(AppFunctions.java:879)
	at twc.Automation.SmokeTestCases.smokeTestCases.Smoke_Test_Case_C333179_Verify_Ad_Call_Is_Made_On_Pull_To_Refresh(smokeTestCases.java:206)
Caused by: org.openqa.selenium.WebDriverException: org.apache.http.conn.HttpHostConnectException: Connect to 127.0.0.1:4723 [/127.0.0.1] failed: Connection refused
Build info: version: '2.51.0', revision: '1af067dbcaedd7d2ab9af5151fc471d363d97193', time: '2016-02-05 11:20:57'
System info: host: 'win2003.corp.monocept.com', ip: '192.168.1.154', os.name: 'Mac OS X', os.arch: 'x86_64', os.version: '10.12', java.version: '1.8.0_60'
Driver info: driver.version: AndroidDriver
	at io.appium.java_client.remote.AppiumCommandExecutor.execute(AppiumCommandExecutor.java:64)
	at org.openqa.selenium.remote.RemoteWebDriver.execute(RemoteWebDriver.java:644)
	... 50 more
Caused by: org.apache.http.conn.HttpHostConnectException: Connect to 127.0.0.1:4723 [/127.0.0.1] failed: Connection refused
	at org.apache.http.impl.conn.HttpClientConnectionOperator.connect(HttpClientConnectionOperator.java:140)
	at org.apache.http.impl.conn.PoolingHttpClientConnectionManager.connect(PoolingHttpClientConnectionManager.java:314)
	at org.apache.http.impl.execchain.MainClientExec.establishRoute(MainClientExec.java:363)
	at org.apache.http.impl.execchain.MainClientExec.execute(MainClientExec.java:219)
	at org.apache.http.impl.execchain.ProtocolExec.execute(ProtocolExec.java:195)
	at org.apache.http.impl.execchain.RetryExec.execute(RetryExec.java:86)
	at org.apache.http.impl.execchain.RedirectExec.execute(RedirectExec.java:108)
	at org.apache.http.impl.client.InternalHttpClient.doExecute(InternalHttpClient.java:186)
	at org.apache.http.impl.client.CloseableHttpClient.execute(CloseableHttpClient.java:72)
	at org.apache.http.impl.client.CloseableHttpClient.execute(CloseableHttpClient.java:57)
	at org.openqa.selenium.remote.internal.ApacheHttpClient.fallBackExecute(ApacheHttpClient.java:144)
	at org.openqa.selenium.remote.internal.ApacheHttpClient.execute(ApacheHttpClient.java:90)
	at org.openqa.selenium.remote.HttpCommandExecutor.execute(HttpCommandExecutor.java:142)
	at io.appium.java_client.remote.AppiumCommandExecutor.execute(AppiumCommandExecutor.java:52)
	... 51 more
Caused by: java.net.ConnectException: Connection refused
	at java.net.PlainSocketImpl.socketConnect(Native Method)
	at java.net.AbstractPlainSocketImpl.doConnect(AbstractPlainSocketImpl.java:350)
	at java.net.AbstractPlainSocketImpl.connectToAddress(AbstractPlainSocketImpl.java:206)
	at java.net.AbstractPlainSocketImpl.connect(AbstractPlainSocketImpl.java:188)
	at java.net.SocksSocketImpl.connect(SocksSocketImpl.java:392)
	at java.net.Socket.connect(Socket.java:589)
	at org.apache.http.conn.socket.PlainConnectionSocketFactory.connectSocket(PlainConnectionSocketFactory.java:72)
	at org.apache.http.impl.conn.HttpClientConnectionOperator.connect(HttpClientConnectionOperator.java:117)
	... 64 more

Smoke_Test_Case_C333172_Verify_Ad_Calls_On_Clean_Launch(twc.Automation.SmokeTestCases.smokeTestCases)  Time elapsed: 20.032 sec  <<< FAILURE!
org.openqa.selenium.remote.UnreachableBrowserException: Error communicating with the remote browser. It may have died.
Build info: version: '2.51.0', revision: '1af067dbcaedd7d2ab9af5151fc471d363d97193', time: '2016-02-05 11:20:57'
System info: host: 'win2003.corp.monocept.com', ip: '192.168.1.154', os.name: 'Mac OS X', os.arch: 'x86_64', os.version: '10.12', java.version: '1.8.0_60'
Driver info: driver.version: AndroidDriver
Capabilities [{app=/Users/monocept/Desktop/ads-android-master/APKFile/app_google_universal_debug_811000122.apk, appPackage=com.weather.Weather, networkConnectionEnabled=true, noReset=false, warnings={}, databaseEnabled=false, deviceName=03157df33d91c039, platform=LINUX, desired={app=/Users/monocept/Desktop/ads-android-master/APKFile/app_google_universal_debug_811000122.apk, appPackage=com.weather.Weather, appium-version=1.4.13, noReset=false, newCommandTimeout=100000.0, autoLaunch=true, platformVersion=6.0.1, platformName=Android, deviceName=Samsung S6}, appium-version=1.4.13, newCommandTimeout=100000.0, autoLaunch=true, platformVersion=7.0, webStorageEnabled=false, locationContextEnabled=false, browserName=Android, takesScreenshot=true, javascriptEnabled=true, platformName=Android}]
Session ID: 771ac9d5-952e-469a-99c1-5c4378347c45
	at org.openqa.selenium.remote.RemoteWebDriver.execute(RemoteWebDriver.java:665)
	at io.appium.java_client.DefaultGenericMobileDriver.execute(DefaultGenericMobileDriver.java:42)
	at io.appium.java_client.AppiumDriver.execute(AppiumDriver.java:1)
	at io.appium.java_client.android.AndroidDriver.execute(AndroidDriver.java:1)
	at org.openqa.selenium.remote.RemoteWebDriver$RemoteWebDriverOptions$RemoteWindow.getSize(RemoteWebDriver.java:914)
	at twc.Automation.HandleWithApp.AppFunctions.Swipe(AppFunctions.java:907)
	at twc.Automation.HandleWithApp.AppFunctions.CleanLaunch_launch(AppFunctions.java:1061)
	at twc.Automation.SmokeTestCases.smokeTestCases.Smoke_Test_Case_C333172_Verify_Ad_Calls_On_Clean_Launch(smokeTestCases.java:223)
Caused by: org.openqa.selenium.WebDriverException: org.apache.http.conn.HttpHostConnectException: Connect to 127.0.0.1:4723 [/127.0.0.1] failed: Connection refused
Build info: version: '2.51.0', revision: '1af067dbcaedd7d2ab9af5151fc471d363d97193', time: '2016-02-05 11:20:57'
System info: host: 'win2003.corp.monocept.com', ip: '192.168.1.154', os.name: 'Mac OS X', os.arch: 'x86_64', os.version: '10.12', java.version: '1.8.0_60'
Driver info: driver.version: AndroidDriver
	at io.appium.java_client.remote.AppiumCommandExecutor.execute(AppiumCommandExecutor.java:64)
	at org.openqa.selenium.remote.RemoteWebDriver.execute(RemoteWebDriver.java:644)
	... 37 more
Caused by: org.apache.http.conn.HttpHostConnectException: Connect to 127.0.0.1:4723 [/127.0.0.1] failed: Connection refused
	at org.apache.http.impl.conn.HttpClientConnectionOperator.connect(HttpClientConnectionOperator.java:140)
	at org.apache.http.impl.conn.PoolingHttpClientConnectionManager.connect(PoolingHttpClientConnectionManager.java:314)
	at org.apache.http.impl.execchain.MainClientExec.establishRoute(MainClientExec.java:363)
	at org.apache.http.impl.execchain.MainClientExec.execute(MainClientExec.java:219)
	at org.apache.http.impl.execchain.ProtocolExec.execute(ProtocolExec.java:195)
	at org.apache.http.impl.execchain.RetryExec.execute(RetryExec.java:86)
	at org.apache.http.impl.execchain.RedirectExec.execute(RedirectExec.java:108)
	at org.apache.http.impl.client.InternalHttpClient.doExecute(InternalHttpClient.java:186)
	at org.apache.http.impl.client.CloseableHttpClient.execute(CloseableHttpClient.java:72)
	at org.apache.http.impl.client.CloseableHttpClient.execute(CloseableHttpClient.java:57)
	at org.openqa.selenium.remote.internal.ApacheHttpClient.fallBackExecute(ApacheHttpClient.java:144)
	at org.openqa.selenium.remote.internal.ApacheHttpClient.execute(ApacheHttpClient.java:90)
	at org.openqa.selenium.remote.HttpCommandExecutor.execute(HttpCommandExecutor.java:142)
	at io.appium.java_client.remote.AppiumCommandExecutor.execute(AppiumCommandExecutor.java:52)
	... 38 more
Caused by: java.net.ConnectException: Connection refused
	at java.net.PlainSocketImpl.socketConnect(Native Method)
	at java.net.AbstractPlainSocketImpl.doConnect(AbstractPlainSocketImpl.java:350)
	at java.net.AbstractPlainSocketImpl.connectToAddress(AbstractPlainSocketImpl.java:206)
	at java.net.AbstractPlainSocketImpl.connect(AbstractPlainSocketImpl.java:188)
	at java.net.SocksSocketImpl.connect(SocksSocketImpl.java:392)
	at java.net.Socket.connect(Socket.java:589)
	at org.apache.http.conn.socket.PlainConnectionSocketFactory.connectSocket(PlainConnectionSocketFactory.java:72)
	at org.apache.http.impl.conn.HttpClientConnectionOperator.connect(HttpClientConnectionOperator.java:117)
	... 51 more

Smoke_Test_Case_C333175_Verify_Ad_Is_Present_On_Extended_Hourly_Page(twc.Automation.SmokeTestCases.smokeTestCases)  Time elapsed: 5.027 sec  <<< FAILURE!
org.openqa.selenium.remote.UnreachableBrowserException: Error communicating with the remote browser. It may have died.
Build info: version: '2.51.0', revision: '1af067dbcaedd7d2ab9af5151fc471d363d97193', time: '2016-02-05 11:20:57'
System info: host: 'win2003.corp.monocept.com', ip: '192.168.1.154', os.name: 'Mac OS X', os.arch: 'x86_64', os.version: '10.12', java.version: '1.8.0_60'
Driver info: driver.version: AndroidDriver
Capabilities [{app=/Users/monocept/Desktop/ads-android-master/APKFile/app_google_universal_debug_811000122.apk, appPackage=com.weather.Weather, networkConnectionEnabled=true, noReset=false, warnings={}, databaseEnabled=false, deviceName=03157df33d91c039, platform=LINUX, desired={app=/Users/monocept/Desktop/ads-android-master/APKFile/app_google_universal_debug_811000122.apk, appPackage=com.weather.Weather, appium-version=1.4.13, noReset=false, newCommandTimeout=100000.0, autoLaunch=true, platformVersion=6.0.1, platformName=Android, deviceName=Samsung S6}, appium-version=1.4.13, newCommandTimeout=100000.0, autoLaunch=true, platformVersion=7.0, webStorageEnabled=false, locationContextEnabled=false, browserName=Android, takesScreenshot=true, javascriptEnabled=true, platformName=Android}]
Session ID: 771ac9d5-952e-469a-99c1-5c4378347c45
	at org.openqa.selenium.remote.RemoteWebDriver.execute(RemoteWebDriver.java:665)
	at io.appium.java_client.DefaultGenericMobileDriver.execute(DefaultGenericMobileDriver.java:42)
	at io.appium.java_client.AppiumDriver.execute(AppiumDriver.java:1)
	at io.appium.java_client.android.AndroidDriver.execute(AndroidDriver.java:1)
	at org.openqa.selenium.remote.RemoteWebDriver$RemoteWebDriverOptions$RemoteTimeouts.implicitlyWait(RemoteWebDriver.java:865)
	at twc.Automation.HandleWithApp.AppFunctions.verify_adpresent_onextended_page(AppFunctions.java:929)
	at twc.Automation.SmokeTestCases.smokeTestCases.Smoke_Test_Case_C333175_Verify_Ad_Is_Present_On_Extended_Hourly_Page(smokeTestCases.java:239)
Caused by: org.openqa.selenium.WebDriverException: org.apache.http.conn.HttpHostConnectException: Connect to 127.0.0.1:4723 [/127.0.0.1] failed: Connection refused
Build info: version: '2.51.0', revision: '1af067dbcaedd7d2ab9af5151fc471d363d97193', time: '2016-02-05 11:20:57'
System info: host: 'win2003.corp.monocept.com', ip: '192.168.1.154', os.name: 'Mac OS X', os.arch: 'x86_64', os.version: '10.12', java.version: '1.8.0_60'
Driver info: driver.version: AndroidDriver
	at io.appium.java_client.remote.AppiumCommandExecutor.execute(AppiumCommandExecutor.java:64)
	at org.openqa.selenium.remote.RemoteWebDriver.execute(RemoteWebDriver.java:644)
	... 36 more
Caused by: org.apache.http.conn.HttpHostConnectException: Connect to 127.0.0.1:4723 [/127.0.0.1] failed: Connection refused
	at org.apache.http.impl.conn.HttpClientConnectionOperator.connect(HttpClientConnectionOperator.java:140)
	at org.apache.http.impl.conn.PoolingHttpClientConnectionManager.connect(PoolingHttpClientConnectionManager.java:314)
	at org.apache.http.impl.execchain.MainClientExec.establishRoute(MainClientExec.java:363)
	at org.apache.http.impl.execchain.MainClientExec.execute(MainClientExec.java:219)
	at org.apache.http.impl.execchain.ProtocolExec.execute(ProtocolExec.java:195)
	at org.apache.http.impl.execchain.RetryExec.execute(RetryExec.java:86)
	at org.apache.http.impl.execchain.RedirectExec.execute(RedirectExec.java:108)
	at org.apache.http.impl.client.InternalHttpClient.doExecute(InternalHttpClient.java:186)
	at org.apache.http.impl.client.CloseableHttpClient.execute(CloseableHttpClient.java:72)
	at org.apache.http.impl.client.CloseableHttpClient.execute(CloseableHttpClient.java:57)
	at org.openqa.selenium.remote.internal.ApacheHttpClient.fallBackExecute(ApacheHttpClient.java:144)
	at org.openqa.selenium.remote.internal.ApacheHttpClient.execute(ApacheHttpClient.java:90)
	at org.openqa.selenium.remote.HttpCommandExecutor.execute(HttpCommandExecutor.java:142)
	at io.appium.java_client.remote.AppiumCommandExecutor.execute(AppiumCommandExecutor.java:52)
	... 37 more
Caused by: java.net.ConnectException: Connection refused
	at java.net.PlainSocketImpl.socketConnect(Native Method)
	at java.net.AbstractPlainSocketImpl.doConnect(AbstractPlainSocketImpl.java:350)
	at java.net.AbstractPlainSocketImpl.connectToAddress(AbstractPlainSocketImpl.java:206)
	at java.net.AbstractPlainSocketImpl.connect(AbstractPlainSocketImpl.java:188)
	at java.net.SocksSocketImpl.connect(SocksSocketImpl.java:392)
	at java.net.Socket.connect(Socket.java:589)
	at org.apache.http.conn.socket.PlainConnectionSocketFactory.connectSocket(PlainConnectionSocketFactory.java:72)
	at org.apache.http.impl.conn.HttpClientConnectionOperator.connect(HttpClientConnectionOperator.java:117)
	... 50 more

Smoke_Test_Case_C333180_Verify_Ad_Is_Present_On_Extended_Daily_Page(twc.Automation.SmokeTestCases.smokeTestCases)  Time elapsed: 5.015 sec  <<< FAILURE!
org.openqa.selenium.remote.UnreachableBrowserException: Error communicating with the remote browser. It may have died.
Build info: version: '2.51.0', revision: '1af067dbcaedd7d2ab9af5151fc471d363d97193', time: '2016-02-05 11:20:57'
System info: host: 'win2003.corp.monocept.com', ip: '192.168.1.154', os.name: 'Mac OS X', os.arch: 'x86_64', os.version: '10.12', java.version: '1.8.0_60'
Driver info: driver.version: AndroidDriver
Capabilities [{app=/Users/monocept/Desktop/ads-android-master/APKFile/app_google_universal_debug_811000122.apk, appPackage=com.weather.Weather, networkConnectionEnabled=true, noReset=false, warnings={}, databaseEnabled=false, deviceName=03157df33d91c039, platform=LINUX, desired={app=/Users/monocept/Desktop/ads-android-master/APKFile/app_google_universal_debug_811000122.apk, appPackage=com.weather.Weather, appium-version=1.4.13, noReset=false, newCommandTimeout=100000.0, autoLaunch=true, platformVersion=6.0.1, platformName=Android, deviceName=Samsung S6}, appium-version=1.4.13, newCommandTimeout=100000.0, autoLaunch=true, platformVersion=7.0, webStorageEnabled=false, locationContextEnabled=false, browserName=Android, takesScreenshot=true, javascriptEnabled=true, platformName=Android}]
Session ID: 771ac9d5-952e-469a-99c1-5c4378347c45
	at org.openqa.selenium.remote.RemoteWebDriver.execute(RemoteWebDriver.java:665)
	at io.appium.java_client.DefaultGenericMobileDriver.execute(DefaultGenericMobileDriver.java:42)
	at io.appium.java_client.AppiumDriver.execute(AppiumDriver.java:1)
	at io.appium.java_client.android.AndroidDriver.execute(AndroidDriver.java:1)
	at org.openqa.selenium.remote.RemoteWebDriver$RemoteWebDriverOptions$RemoteTimeouts.implicitlyWait(RemoteWebDriver.java:865)
	at twc.Automation.HandleWithApp.AppFunctions.verify_adpresent_onextended_page(AppFunctions.java:929)
	at twc.Automation.SmokeTestCases.smokeTestCases.Smoke_Test_Case_C333180_Verify_Ad_Is_Present_On_Extended_Daily_Page(smokeTestCases.java:254)
Caused by: org.openqa.selenium.WebDriverException: org.apache.http.conn.HttpHostConnectException: Connect to 127.0.0.1:4723 [/127.0.0.1] failed: Connection refused
Build info: version: '2.51.0', revision: '1af067dbcaedd7d2ab9af5151fc471d363d97193', time: '2016-02-05 11:20:57'
System info: host: 'win2003.corp.monocept.com', ip: '192.168.1.154', os.name: 'Mac OS X', os.arch: 'x86_64', os.version: '10.12', java.version: '1.8.0_60'
Driver info: driver.version: AndroidDriver
	at io.appium.java_client.remote.AppiumCommandExecutor.execute(AppiumCommandExecutor.java:64)
	at org.openqa.selenium.remote.RemoteWebDriver.execute(RemoteWebDriver.java:644)
	... 36 more
Caused by: org.apache.http.conn.HttpHostConnectException: Connect to 127.0.0.1:4723 [/127.0.0.1] failed: Connection refused
	at org.apache.http.impl.conn.HttpClientConnectionOperator.connect(HttpClientConnectionOperator.java:140)
	at org.apache.http.impl.conn.PoolingHttpClientConnectionManager.connect(PoolingHttpClientConnectionManager.java:314)
	at org.apache.http.impl.execchain.MainClientExec.establishRoute(MainClientExec.java:363)
	at org.apache.http.impl.execchain.MainClientExec.execute(MainClientExec.java:219)
	at org.apache.http.impl.execchain.ProtocolExec.execute(ProtocolExec.java:195)
	at org.apache.http.impl.execchain.RetryExec.execute(RetryExec.java:86)
	at org.apache.http.impl.execchain.RedirectExec.execute(RedirectExec.java:108)
	at org.apache.http.impl.client.InternalHttpClient.doExecute(InternalHttpClient.java:186)
	at org.apache.http.impl.client.CloseableHttpClient.execute(CloseableHttpClient.java:72)
	at org.apache.http.impl.client.CloseableHttpClient.execute(CloseableHttpClient.java:57)
	at org.openqa.selenium.remote.internal.ApacheHttpClient.fallBackExecute(ApacheHttpClient.java:144)
	at org.openqa.selenium.remote.internal.ApacheHttpClient.execute(ApacheHttpClient.java:90)
	at org.openqa.selenium.remote.HttpCommandExecutor.execute(HttpCommandExecutor.java:142)
	at io.appium.java_client.remote.AppiumCommandExecutor.execute(AppiumCommandExecutor.java:52)
	... 37 more
Caused by: java.net.ConnectException: Connection refused
	at java.net.PlainSocketImpl.socketConnect(Native Method)
	at java.net.AbstractPlainSocketImpl.doConnect(AbstractPlainSocketImpl.java:350)
	at java.net.AbstractPlainSocketImpl.connectToAddress(AbstractPlainSocketImpl.java:206)
	at java.net.AbstractPlainSocketImpl.connect(AbstractPlainSocketImpl.java:188)
	at java.net.SocksSocketImpl.connect(SocksSocketImpl.java:392)
	at java.net.Socket.connect(Socket.java:589)
	at org.apache.http.conn.socket.PlainConnectionSocketFactory.connectSocket(PlainConnectionSocketFactory.java:72)
	at org.apache.http.impl.conn.HttpClientConnectionOperator.connect(HttpClientConnectionOperator.java:117)
	... 50 more

Smoke_Test_Case_C333176_Verify_Ad_Is_Present_On_Extended_Map_Page(twc.Automation.SmokeTestCases.smokeTestCases)  Time elapsed: 5.02 sec  <<< FAILURE!
org.openqa.selenium.remote.UnreachableBrowserException: Error communicating with the remote browser. It may have died.
Build info: version: '2.51.0', revision: '1af067dbcaedd7d2ab9af5151fc471d363d97193', time: '2016-02-05 11:20:57'
System info: host: 'win2003.corp.monocept.com', ip: '192.168.1.154', os.name: 'Mac OS X', os.arch: 'x86_64', os.version: '10.12', java.version: '1.8.0_60'
Driver info: driver.version: AndroidDriver
Capabilities [{app=/Users/monocept/Desktop/ads-android-master/APKFile/app_google_universal_debug_811000122.apk, appPackage=com.weather.Weather, networkConnectionEnabled=true, noReset=false, warnings={}, databaseEnabled=false, deviceName=03157df33d91c039, platform=LINUX, desired={app=/Users/monocept/Desktop/ads-android-master/APKFile/app_google_universal_debug_811000122.apk, appPackage=com.weather.Weather, appium-version=1.4.13, noReset=false, newCommandTimeout=100000.0, autoLaunch=true, platformVersion=6.0.1, platformName=Android, deviceName=Samsung S6}, appium-version=1.4.13, newCommandTimeout=100000.0, autoLaunch=true, platformVersion=7.0, webStorageEnabled=false, locationContextEnabled=false, browserName=Android, takesScreenshot=true, javascriptEnabled=true, platformName=Android}]
Session ID: 771ac9d5-952e-469a-99c1-5c4378347c45
	at org.openqa.selenium.remote.RemoteWebDriver.execute(RemoteWebDriver.java:665)
	at io.appium.java_client.DefaultGenericMobileDriver.execute(DefaultGenericMobileDriver.java:42)
	at io.appium.java_client.AppiumDriver.execute(AppiumDriver.java:1)
	at io.appium.java_client.android.AndroidDriver.execute(AndroidDriver.java:1)
	at org.openqa.selenium.remote.RemoteWebDriver$RemoteWebDriverOptions$RemoteTimeouts.implicitlyWait(RemoteWebDriver.java:865)
	at twc.Automation.HandleWithApp.AppFunctions.verify_adpresent_onextended_page(AppFunctions.java:929)
	at twc.Automation.SmokeTestCases.smokeTestCases.Smoke_Test_Case_C333176_Verify_Ad_Is_Present_On_Extended_Map_Page(smokeTestCases.java:274)
Caused by: org.openqa.selenium.WebDriverException: org.apache.http.conn.HttpHostConnectException: Connect to 127.0.0.1:4723 [/127.0.0.1] failed: Connection refused
Build info: version: '2.51.0', revision: '1af067dbcaedd7d2ab9af5151fc471d363d97193', time: '2016-02-05 11:20:57'
System info: host: 'win2003.corp.monocept.com', ip: '192.168.1.154', os.name: 'Mac OS X', os.arch: 'x86_64', os.version: '10.12', java.version: '1.8.0_60'
Driver info: driver.version: AndroidDriver
	at io.appium.java_client.remote.AppiumCommandExecutor.execute(AppiumCommandExecutor.java:64)
	at org.openqa.selenium.remote.RemoteWebDriver.execute(RemoteWebDriver.java:644)
	... 36 more
Caused by: org.apache.http.conn.HttpHostConnectException: Connect to 127.0.0.1:4723 [/127.0.0.1] failed: Connection refused
	at org.apache.http.impl.conn.HttpClientConnectionOperator.connect(HttpClientConnectionOperator.java:140)
	at org.apache.http.impl.conn.PoolingHttpClientConnectionManager.connect(PoolingHttpClientConnectionManager.java:314)
	at org.apache.http.impl.execchain.MainClientExec.establishRoute(MainClientExec.java:363)
	at org.apache.http.impl.execchain.MainClientExec.execute(MainClientExec.java:219)
	at org.apache.http.impl.execchain.ProtocolExec.execute(ProtocolExec.java:195)
	at org.apache.http.impl.execchain.RetryExec.execute(RetryExec.java:86)
	at org.apache.http.impl.execchain.RedirectExec.execute(RedirectExec.java:108)
	at org.apache.http.impl.client.InternalHttpClient.doExecute(InternalHttpClient.java:186)
	at org.apache.http.impl.client.CloseableHttpClient.execute(CloseableHttpClient.java:72)
	at org.apache.http.impl.client.CloseableHttpClient.execute(CloseableHttpClient.java:57)
	at org.openqa.selenium.remote.internal.ApacheHttpClient.fallBackExecute(ApacheHttpClient.java:144)
	at org.openqa.selenium.remote.internal.ApacheHttpClient.execute(ApacheHttpClient.java:90)
	at org.openqa.selenium.remote.HttpCommandExecutor.execute(HttpCommandExecutor.java:142)
	at io.appium.java_client.remote.AppiumCommandExecutor.execute(AppiumCommandExecutor.java:52)
	... 37 more
Caused by: java.net.ConnectException: Connection refused
	at java.net.PlainSocketImpl.socketConnect(Native Method)
	at java.net.AbstractPlainSocketImpl.doConnect(AbstractPlainSocketImpl.java:350)
	at java.net.AbstractPlainSocketImpl.connectToAddress(AbstractPlainSocketImpl.java:206)
	at java.net.AbstractPlainSocketImpl.connect(AbstractPlainSocketImpl.java:188)
	at java.net.SocksSocketImpl.connect(SocksSocketImpl.java:392)
	at java.net.Socket.connect(Socket.java:589)
	at org.apache.http.conn.socket.PlainConnectionSocketFactory.connectSocket(PlainConnectionSocketFactory.java:72)
	at org.apache.http.impl.conn.HttpClientConnectionOperator.connect(HttpClientConnectionOperator.java:117)
	... 50 more

Smoke_Test_Case_C333175_Verify_Ad_Is_Present_On_Extended_News_Page(twc.Automation.SmokeTestCases.smokeTestCases)  Time elapsed: 5.021 sec  <<< FAILURE!
org.openqa.selenium.remote.UnreachableBrowserException: Error communicating with the remote browser. It may have died.
Build info: version: '2.51.0', revision: '1af067dbcaedd7d2ab9af5151fc471d363d97193', time: '2016-02-05 11:20:57'
System info: host: 'win2003.corp.monocept.com', ip: '192.168.1.154', os.name: 'Mac OS X', os.arch: 'x86_64', os.version: '10.12', java.version: '1.8.0_60'
Driver info: driver.version: AndroidDriver
Capabilities [{app=/Users/monocept/Desktop/ads-android-master/APKFile/app_google_universal_debug_811000122.apk, appPackage=com.weather.Weather, networkConnectionEnabled=true, noReset=false, warnings={}, databaseEnabled=false, deviceName=03157df33d91c039, platform=LINUX, desired={app=/Users/monocept/Desktop/ads-android-master/APKFile/app_google_universal_debug_811000122.apk, appPackage=com.weather.Weather, appium-version=1.4.13, noReset=false, newCommandTimeout=100000.0, autoLaunch=true, platformVersion=6.0.1, platformName=Android, deviceName=Samsung S6}, appium-version=1.4.13, newCommandTimeout=100000.0, autoLaunch=true, platformVersion=7.0, webStorageEnabled=false, locationContextEnabled=false, browserName=Android, takesScreenshot=true, javascriptEnabled=true, platformName=Android}]
Session ID: 771ac9d5-952e-469a-99c1-5c4378347c45
	at org.openqa.selenium.remote.RemoteWebDriver.execute(RemoteWebDriver.java:665)
	at io.appium.java_client.DefaultGenericMobileDriver.execute(DefaultGenericMobileDriver.java:42)
	at io.appium.java_client.AppiumDriver.execute(AppiumDriver.java:1)
	at io.appium.java_client.android.AndroidDriver.execute(AndroidDriver.java:1)
	at org.openqa.selenium.remote.RemoteWebDriver$RemoteWebDriverOptions$RemoteTimeouts.implicitlyWait(RemoteWebDriver.java:865)
	at twc.Automation.HandleWithApp.AppFunctions.verify_adpresent_onextended_page(AppFunctions.java:929)
	at twc.Automation.SmokeTestCases.smokeTestCases.Smoke_Test_Case_C333175_Verify_Ad_Is_Present_On_Extended_News_Page(smokeTestCases.java:294)
Caused by: org.openqa.selenium.WebDriverException: org.apache.http.conn.HttpHostConnectException: Connect to 127.0.0.1:4723 [/127.0.0.1] failed: Connection refused
Build info: version: '2.51.0', revision: '1af067dbcaedd7d2ab9af5151fc471d363d97193', time: '2016-02-05 11:20:57'
System info: host: 'win2003.corp.monocept.com', ip: '192.168.1.154', os.name: 'Mac OS X', os.arch: 'x86_64', os.version: '10.12', java.version: '1.8.0_60'
Driver info: driver.version: AndroidDriver
	at io.appium.java_client.remote.AppiumCommandExecutor.execute(AppiumCommandExecutor.java:64)
	at org.openqa.selenium.remote.RemoteWebDriver.execute(RemoteWebDriver.java:644)
	... 36 more
Caused by: org.apache.http.conn.HttpHostConnectException: Connect to 127.0.0.1:4723 [/127.0.0.1] failed: Connection refused
	at org.apache.http.impl.conn.HttpClientConnectionOperator.connect(HttpClientConnectionOperator.java:140)
	at org.apache.http.impl.conn.PoolingHttpClientConnectionManager.connect(PoolingHttpClientConnectionManager.java:314)
	at org.apache.http.impl.execchain.MainClientExec.establishRoute(MainClientExec.java:363)
	at org.apache.http.impl.execchain.MainClientExec.execute(MainClientExec.java:219)
	at org.apache.http.impl.execchain.ProtocolExec.execute(ProtocolExec.java:195)
	at org.apache.http.impl.execchain.RetryExec.execute(RetryExec.java:86)
	at org.apache.http.impl.execchain.RedirectExec.execute(RedirectExec.java:108)
	at org.apache.http.impl.client.InternalHttpClient.doExecute(InternalHttpClient.java:186)
	at org.apache.http.impl.client.CloseableHttpClient.execute(CloseableHttpClient.java:72)
	at org.apache.http.impl.client.CloseableHttpClient.execute(CloseableHttpClient.java:57)
	at org.openqa.selenium.remote.internal.ApacheHttpClient.fallBackExecute(ApacheHttpClient.java:144)
	at org.openqa.selenium.remote.internal.ApacheHttpClient.execute(ApacheHttpClient.java:90)
	at org.openqa.selenium.remote.HttpCommandExecutor.execute(HttpCommandExecutor.java:142)
	at io.appium.java_client.remote.AppiumCommandExecutor.execute(AppiumCommandExecutor.java:52)
	... 37 more
Caused by: java.net.ConnectException: Connection refused
	at java.net.PlainSocketImpl.socketConnect(Native Method)
	at java.net.AbstractPlainSocketImpl.doConnect(AbstractPlainSocketImpl.java:350)
	at java.net.AbstractPlainSocketImpl.connectToAddress(AbstractPlainSocketImpl.java:206)
	at java.net.AbstractPlainSocketImpl.connect(AbstractPlainSocketImpl.java:188)
	at java.net.SocksSocketImpl.connect(SocksSocketImpl.java:392)
	at java.net.Socket.connect(Socket.java:589)
	at org.apache.http.conn.socket.PlainConnectionSocketFactory.connectSocket(PlainConnectionSocketFactory.java:72)
	at org.apache.http.impl.conn.HttpClientConnectionOperator.connect(HttpClientConnectionOperator.java:117)
	... 50 more

