<?xml version="1.0" encoding="UTF-8"?>
<testng-results skipped="0" failed="0" total="1" passed="1">
  <reporter-output>
  </reporter-output>
  <suite name="Default suite" duration-ms="99078" started-at="2016-08-23T15:24:54Z" finished-at="2016-08-23T15:26:33Z">
    <groups>
    </groups>
    <test name="Default test" duration-ms="99078" started-at="2016-08-23T15:24:54Z" finished-at="2016-08-23T15:26:33Z">
      <class name="twc.WebPerformance.TestCases.TestCases">
        <test-method status="PASS" signature="Before_Test()[pri:0, instance:twc.WebPerformance.TestCases.TestCases@2aaf7cc2]" name="Before_Test" is-config="true" duration-ms="20733" started-at="2016-08-23T20:54:54Z" finished-at="2016-08-23T20:55:15Z">
          <reporter-output>
          </reporter-output>
        </test-method> <!-- Before_Test -->
        <test-method status="PASS" signature="WebPerformance_TestCase()[pri:0, instance:twc.WebPerformance.TestCases.TestCases@2aaf7cc2]" name="WebPerformance_TestCase" duration-ms="73300" started-at="2016-08-23T20:55:15Z" finished-at="2016-08-23T20:56:28Z">
          <reporter-output>
          </reporter-output>
        </test-method> <!-- WebPerformance_TestCase -->
        <test-method status="PASS" signature="After_Test()[pri:0, instance:twc.WebPerformance.TestCases.TestCases@2aaf7cc2]" name="After_Test" is-config="true" duration-ms="5030" started-at="2016-08-23T20:56:28Z" finished-at="2016-08-23T20:56:33Z">
          <reporter-output>
          </reporter-output>
        </test-method> <!-- After_Test -->
      </class> <!-- twc.WebPerformance.TestCases.TestCases -->
    </test> <!-- Default test -->
  </suite> <!-- Default suite -->
</testng-results>
